2021-03-31 19:18:20.453818: I tensorflow_serving/model_servers/server.cc:88] Building single TensorFlow model file config:  model_name: emotion_model model_base_path: /model1
2021-03-31 19:18:20.454202: I tensorflow_serving/model_servers/server_core.cc:464] Adding/updating models.
2021-03-31 19:18:20.454328: I tensorflow_serving/model_servers/server_core.cc:587]  (Re-)adding model: emotion_model
2021-03-31 19:18:20.554697: I tensorflow_serving/core/basic_manager.cc:740] Successfully reserved resources to load servable {name: emotion_model version: 1}
2021-03-31 19:18:20.554919: I tensorflow_serving/core/loader_harness.cc:66] Approving load for servable version {name: emotion_model version: 1}
2021-03-31 19:18:20.555025: I tensorflow_serving/core/loader_harness.cc:74] Loading servable version {name: emotion_model version: 1}
2021-03-31 19:18:20.555140: I external/org_tensorflow/tensorflow/cc/saved_model/reader.cc:32] Reading SavedModel from: /model1/1
2021-03-31 19:18:20.573530: I external/org_tensorflow/tensorflow/cc/saved_model/reader.cc:55] Reading meta graph with tags { serve }
2021-03-31 19:18:20.573801: I external/org_tensorflow/tensorflow/cc/saved_model/reader.cc:93] Reading SavedModel debug info (if present) from: /model1/1
2021-03-31 19:18:20.573992: I external/org_tensorflow/tensorflow/core/platform/cpu_feature_guard.cc:142] This TensorFlow binary is optimized with oneAPI Deep Neural Network Library (oneDNN) to use the following CPU instructions in performance-critical operations:  AVX2 FMA
To enable them in other operations, rebuild TensorFlow with the appropriate compiler flags.
2021-03-31 19:18:20.642651: I external/org_tensorflow/tensorflow/cc/saved_model/loader.cc:206] Restoring SavedModel bundle.
2021-03-31 19:18:20.650592: I external/org_tensorflow/tensorflow/core/platform/profile_utils/cpu_utils.cc:112] CPU Frequency: 2199995000 Hz
2021-03-31 19:18:20.953135: I external/org_tensorflow/tensorflow/cc/saved_model/loader.cc:190] Running initialization op on SavedModel bundle at path: /model1/1
2021-03-31 19:18:21.015032: I external/org_tensorflow/tensorflow/cc/saved_model/loader.cc:277] SavedModel load for tags { serve }; Status: success: OK. Took 459880 microseconds.
2021-03-31 19:18:21.024426: I tensorflow_serving/servables/tensorflow/saved_model_warmup_util.cc:59] No warmup data file found at /model1/1/assets.extra/tf_serving_warmup_requests
2021-03-31 19:18:21.024756: I tensorflow_serving/core/loader_harness.cc:87] Successfully loaded servable version {name: emotion_model version: 1}
2021-03-31 19:18:21.027010: I tensorflow_serving/model_servers/server.cc:371] Running gRPC ModelServer at 0.0.0.0:8500 ...
[warn] getaddrinfo: address family for nodename not supported
[evhttp_server.cc : 238] NET_LOG: Entering the event loop ...
2021-03-31 19:18:21.027758: I tensorflow_serving/model_servers/server.cc:391] Exporting HTTP/REST API at:localhost:4000 ...
